Using pre-set license
Built from '2021.1/staging' branch; Version is '2021.1.24f1 (6667702a1e7c) revision 6711152'; Using compiler version '192528614'; Build Type 'Release'
OS: 'Windows 10 Pro; OS build 19042.1288; Version 2009; 64bit' Language: 'en' Physical Memory: 32722 MB
BatchMode: 1, IsHumanControllingUs: 0, StartBugReporterOnCrash: 0, Is64bit: 1, IsPro: 0

COMMAND LINE ARGUMENTS:
C:\Program Files\Unity\2021.1.24f1\Editor\Unity.exe
-adb2
-batchMode
-noUpm
-name
AssetImportWorker0
-projectPath
E:/Users/Maxim/Code/C#/Unity/TW2021/TW_game
-logFile
Logs/AssetImportWorker0.log
-srvPort
61137
Successfully changed project path to: E:/Users/Maxim/Code/C#/Unity/TW2021/TW_game
E:/Users/Maxim/Code/C#/Unity/TW2021/TW_game
Using Asset Import Pipeline V2.
Refreshing native plugins compatible for Editor in 142.39 ms, found 4 plugins.
Preloading 0 native plugins for Editor in 0.00 ms.
Initialize engine version: 2021.1.24f1 (6667702a1e7c)
[Subsystems] Discovering subsystems at path C:/Program Files/Unity/2021.1.24f1/Editor/Data/Resources/UnitySubsystems
[Subsystems] Discovering subsystems at path E:/Users/Maxim/Code/C#/Unity/TW2021/TW_game/Assets
GfxDevice: creating device client; threaded=0; jobified=0
Direct3D:
    Version:  Direct3D 11.0 [level 11.0]
    Renderer: NVIDIA GeForce GTX 660 (ID=0x11c0)
    Vendor:   NVIDIA
    VRAM:     3029 MB
    Driver:   27.21.14.5671
Initialize mono
Mono path[0] = 'C:/Program Files/Unity/2021.1.24f1/Editor/Data/Managed'
Mono path[1] = 'C:/Program Files/Unity/2021.1.24f1/Editor/Data/MonoBleedingEdge/lib/mono/unityjit'
Mono config path = 'C:/Program Files/Unity/2021.1.24f1/Editor/Data/MonoBleedingEdge/etc'
Using monoOptions --debugger-agent=transport=dt_socket,embedding=1,server=y,suspend=n,address=127.0.0.1:56956
Begin MonoManager ReloadAssembly
Registering precompiled unity dll's ...
Register platform support module: C:/Program Files/Unity/2021.1.24f1/Editor/Data/PlaybackEngines/WindowsStandaloneSupport/UnityEditor.WindowsStandalone.Extensions.dll
Registered in 0.004270 seconds.
Native extension for WindowsStandalone target not found
Refreshing native plugins compatible for Editor in 163.17 ms, found 4 plugins.
Preloading 0 native plugins for Editor in 0.00 ms.
Mono: successfully reloaded assembly
- Completed reload, in  2.116 seconds
Domain Reload Profiling:
	ReloadAssembly (2117ms)
		BeginReloadAssembly (102ms)
			ExecutionOrderSort (0ms)
			DisableScriptedObjects (0ms)
			BackupInstance (0ms)
			ReleaseScriptingObjects (0ms)
			CreateAndSetChildDomain (1ms)
		EndReloadAssembly (902ms)
			LoadAssemblies (98ms)
			RebuildTransferFunctionScriptingTraits (0ms)
			SetupTypeCache (305ms)
			ReleaseScriptCaches (0ms)
			RebuildScriptCaches (48ms)
			SetupLoadedEditorAssemblies (470ms)
				LogAssemblyErrors (0ms)
				InitializePlatformSupportModulesInManaged (9ms)
				SetLoadedEditorAssemblies (0ms)
				RefreshPlugins (163ms)
				BeforeProcessingInitializeOnLoad (2ms)
				ProcessInitializeOnLoadAttributes (225ms)
				ProcessInitializeOnLoadMethodAttributes (71ms)
				AfterProcessingInitializeOnLoad (0ms)
				EditorAssembliesLoaded (0ms)
			ExecutionOrderSort2 (0ms)
			AwakeInstancesAfterBackupRestoration (0ms)
Platform modules already initialized, skipping
Registering precompiled user dll's ...
Registered in 0.008483 seconds.
Begin MonoManager ReloadAssembly
Symbol file LoadedFromMemory doesn't match image E:\Users\Maxim\Code\C#\Unity\TW2021\TW_game\Library\PackageCache\com.unity.visualscripting@1.6.1\Editor\VisualScripting.Core\Dependencies\YamlDotNet\Unity.VisualScripting.YamlDotNet.dll
Symbol file LoadedFromMemory doesn't match image E:\Users\Maxim\Code\C#\Unity\TW2021\TW_game\Library\PackageCache\com.unity.visualscripting@1.6.1\Editor\VisualScripting.Core\Dependencies\DotNetZip\Unity.VisualScripting.IonicZip.dll
Native extension for WindowsStandalone target not found
Refreshing native plugins compatible for Editor in 208.31 ms, found 4 plugins.
Preloading 0 native plugins for Editor in 0.00 ms.
Mono: successfully reloaded assembly
- Completed reload, in  2.317 seconds
Domain Reload Profiling:
	ReloadAssembly (2318ms)
		BeginReloadAssembly (355ms)
			ExecutionOrderSort (0ms)
			DisableScriptedObjects (10ms)
			BackupInstance (0ms)
			ReleaseScriptingObjects (0ms)
			CreateAndSetChildDomain (35ms)
		EndReloadAssembly (1861ms)
			LoadAssemblies (213ms)
			RebuildTransferFunctionScriptingTraits (0ms)
			SetupTypeCache (635ms)
			ReleaseScriptCaches (1ms)
			RebuildScriptCaches (90ms)
			SetupLoadedEditorAssemblies (801ms)
				LogAssemblyErrors (0ms)
				InitializePlatformSupportModulesInManaged (6ms)
				SetLoadedEditorAssemblies (0ms)
				RefreshPlugins (208ms)
				BeforeProcessingInitializeOnLoad (160ms)
				ProcessInitializeOnLoadAttributes (383ms)
				ProcessInitializeOnLoadMethodAttributes (29ms)
				AfterProcessingInitializeOnLoad (14ms)
				EditorAssembliesLoaded (0ms)
			ExecutionOrderSort2 (0ms)
			AwakeInstancesAfterBackupRestoration (15ms)
Platform modules already initialized, skipping
========================================================================
Worker process is ready to serve import requests
Launched and connected shader compiler UnityShaderCompiler.exe after 0.06 seconds
Refreshing native plugins compatible for Editor in 0.77 ms, found 4 plugins.
Preloading 0 native plugins for Editor in 0.00 ms.
Unloading 3682 Unused Serialized files (Serialized files now loaded: 0)
System memory in use before: 136.4 MB.
System memory in use after: 136.6 MB.

Unloading 30 unused Assets to reduce memory usage. Loaded Objects now: 4132.
Total: 3.965200 ms (FindLiveObjects: 0.269300 ms CreateObjectMapping: 0.168400 ms MarkObjects: 3.455500 ms  DeleteObjects: 0.069500 ms)

AssetImportParameters requested are different than current active one (requested -> active):
  custom:framework-win-MediaFoundation: 216162199b28c13a410421893ffa2e32 -> 
  custom:video-decoder-ogg-theora: a1e56fd34408186e4bbccfd4996cb3dc -> 
  custom:container-muxer-webm: aa71ff27fc2769a1b78a27578f13a17b -> 
  custom:container-demuxer-webm: 4f35f7cbe854078d1ac9338744f61a02 -> 
  custom:container-demuxer-ogg: 62fdf1f143b41e24485cea50d1cbac27 -> 
  custom:video-encoder-webm-vp8: eb34c28f22e8b96e1ab97ce403110664 -> 
  custom:video-codec-MediaFoundation-h265: 746d11721c4dcdbdad8f713fa42b33f4 -> 
  custom:video-decoder-webm-vp8: 9c59270c3fd7afecdb556c50c9e8de78 -> 
  custom:audio-decoder-ogg-vorbis: bf7c407c2cedff20999df2af8eb42d56 -> 
  custom:audio-encoder-webm-vorbis: bf7c407c2cedff20999df2af8eb42d56 -> 
========================================================================
Received Import Request.
  path: Assets/Code/Player_Input.cs
  artifactKey: Guid(f0d645ec06d55a6499b8043b1a97bfdf) Importer(815301076,1909f56bfc062723c751e8b465ee728b)
Start importing Assets/Code/Player_Input.cs using Guid(f0d645ec06d55a6499b8043b1a97bfdf) Importer(815301076,1909f56bfc062723c751e8b465ee728b)  -> (artifact id: '122e7ea6eb29a5b990a1fde0c51d043e') in 0.040696 seconds 
========================================================================
Received Import Request.
  Time since last request: 181.792631 seconds.
  path: Assets/Code/Player_Input.cs
  artifactKey: Guid(f0d645ec06d55a6499b8043b1a97bfdf) Importer(815301076,1909f56bfc062723c751e8b465ee728b)
Start importing Assets/Code/Player_Input.cs using Guid(f0d645ec06d55a6499b8043b1a97bfdf) Importer(815301076,1909f56bfc062723c751e8b465ee728b)  -> (artifact id: 'ca7eb6a1964651d53bf1b56340ff02f7') in 0.004591 seconds 
========================================================================
Received Import Request.
  Time since last request: 697.115579 seconds.
  path: Assets/Code/Player_Input.cs
  artifactKey: Guid(f0d645ec06d55a6499b8043b1a97bfdf) Importer(815301076,1909f56bfc062723c751e8b465ee728b)
Start importing Assets/Code/Player_Input.cs using Guid(f0d645ec06d55a6499b8043b1a97bfdf) Importer(815301076,1909f56bfc062723c751e8b465ee728b)  -> (artifact id: 'f5ce923a5ff0ca654cbad338be997b57') in 0.004164 seconds 
========================================================================
Received Import Request.
  Time since last request: 2125.743665 seconds.
  path: Assets/Code/Player_Input.cs
  artifactKey: Guid(f0d645ec06d55a6499b8043b1a97bfdf) Importer(815301076,1909f56bfc062723c751e8b465ee728b)
Start importing Assets/Code/Player_Input.cs using Guid(f0d645ec06d55a6499b8043b1a97bfdf) Importer(815301076,1909f56bfc062723c751e8b465ee728b)  -> (artifact id: 'f85861cd71bfd0d61bce6d702c7a6674') in 0.002703 seconds 
AssetImportWorkerClient::OnTransportError - code=2 error=End of file
